Epoch 100
Recall:
0.0009	0.0019	0.0041
NDCG:
0.0011	0.0015	0.0022

Epoch 200
Recall:
0.0076	0.012	0.0194
NDCG:
0.0078	0.0095	0.012

Epoch 300
Recall:
0.0176	0.0271	0.0398
NDCG:
0.0185	0.022	0.0263

Epoch 400
Recall:
0.0256	0.0389	0.0583
NDCG:
0.0262	0.0311	0.0376

Epoch 500
Recall:
0.0302	0.0471	0.0697
NDCG:
0.0305	0.0367	0.0443

Epoch 600
Recall:
0.0327  0.0504  0.0772
NDCG:
0.0326  0.039   0.048

Epoch 700
Recall:
0.0332  0.0518  0.0791
NDCG:
0.0326  0.0396  0.0488

Epoch 800
Recall:
0.0326  0.0517  0.0793
NDCG:
0.0319  0.039   0.0483

Epoch 900
Recall:
0.0311  0.0501  0.077
NDCG:
0.0301  0.0372  0.0462

Epoch 1000
Recall:
0.03    0.0482  0.0747
NDCG:
0.0284  0.0353  0.0442

Epoch 1100
Recall:
0.028   0.0455  0.0705
NDCG:
0.0266  0.0333  0.0417
